<?xml version="1.0" encoding="UTF-8" ?>
<testsuite errors="0" failures="4" hostname="localhost.localdomain" name="CustomerBug.CustomerBugTest" skipped="0" tests="38" time="127.718" timestamp="2022-10-27T16:20:29">
  <properties>
[...]
</properties>
  <testcase classname="db.DBTestCase" name="CustomerBugAuto/bug11072_longalias" time="1.032" />
  <testcase classname="db.DBTestCase" name="CustomerBugAuto/bug9235_maptopN" time="0.873">
    <failure message="__##&lt;a href=&quot;\u66\u69\u6c\u65\u3a\u5c\u5c\u5c\u2f\u68\u6f\u6d\u65\u2f\u62\u69\u2f\u62\u72\u61\u6e\u63\u68\u2f\u76\u31\u30\u2e\u30\u2f\u74\u65\u73\u74\u2f\u61\u73\u73\u65\u74\u45\u78\u65\u63\u75\u74\u65\u2f\u74\u65\u73\u74\u63\u61\u73\u65\u73\u2f\u43\u75\u73\u74\u6f\u6d\u65\u72\u42\u75\u67\u2f\u65\u78\u70\u2f\u43\u75\u73\u74\u6f\u6d\u65\u72\u42\u75\u67\u41\u75\u74\u6f\u2f\u62\u75\u67\u39\u32\u33\u35\u5f\u6d\u61\u70\u74\u6f\u70\u4e\u5f\u5f\u56fe\u8868\u31\u5f\u5f\u52\u54\u2e\u70\u6e\u67&quot;&gt;Expected Result&lt;/a&gt;&lt;br/&gt;&#xa;&lt;a href=&quot;\u66\u69\u6c\u65\u3a\u5c\u5c\u5c\u2f\u68\u6f\u6d\u65\u2f\u62\u69\u2f\u62\u72\u61\u6e\u63\u68\u2f\u76\u31\u30\u2e\u30\u2f\u74\u65\u73\u74\u2f\u61\u73\u73\u65\u74\u45\u78\u65\u63\u75\u74\u65\u2f\u74\u65\u73\u74\u63\u61\u73\u65\u73\u2f\u43\u75\u73\u74\u6f\u6d\u65\u72\u42\u75\u67\u2f\u65\u78\u70\u2f\u43\u75\u73\u74\u6f\u6d\u65\u72\u42\u75\u67\u41\u75\u74\u6f\u2f\u62\u75\u67\u39\u32\u33\u35\u5f\u6d\u61\u70\u74\u6f\u70\u4e\u5f\u5f\u56fe\u8868\u31\u5f\u5f\u52\u54\u2e\u70\u6e\u67&quot;&gt;Exporting Result&lt;/a&gt;&lt;br/&gt;Two PNG files pixels are different: &#xa; Result[&lt;a href=&quot;file:\\\/home/bi/branch/v10.0/test/assetExecute/testcases/CustomerBug/res/CustomerBugAuto/bug9235_maptopN__图表1__RT.png&quot; target=&quot;/home/bi/branch/v10.0/test/assetExecute/testcases/CustomerBug/res/CustomerBugAuto/bug9235_maptopN__图表1__RT.png&quot;&gt;/CustomerBug/res/CustomerBugAuto/bug9235_maptopN__图表1__RT.png&lt;/a&gt;]&#xa; Expect[&lt;a href=&quot;file:\\\/home/bi/branch/v10.0/test/assetExecute/testcases/CustomerBug/exp/CustomerBugAuto/bug9235_maptopN__图表1__RT.png&quot; target=&quot;/home/bi/branch/v10.0/test/assetExecute/testcases/CustomerBug/exp/CustomerBugAuto/bug9235_maptopN__图表1__RT.png&quot;&gt;/CustomerBug/exp/CustomerBugAuto/bug9235_maptopN__图表1__RT.png&lt;/a&gt;]&#xa; Diffs [&lt;a href=&quot;file:\\\/home/bi/branch/v10.0/test/assetExecute/testcases/CustomerBug/diffs/CustomerBugAuto/bug9235_maptopN__图表1__RT.png&quot; target=&quot;/home/bi/branch/v10.0/test/assetExecute/testcases/CustomerBug/diffs/CustomerBugAuto/bug9235_maptopN__图表1__RT.png&quot;&gt;/CustomerBug/diffs/CustomerBugAuto/bug9235_maptopN__图表1__RT.png&lt;/a&gt;]&lt;br&gt;" type="junit.framework.AssertionFailedError">junit.framework.AssertionFailedError: __##&lt;a href=&quot;\u66\u69\u6c\u65\u3a\u5c\u5c\u5c\u2f\u68\u6f\u6d\u65\u2f\u62\u69\u2f\u62\u72\u61\u6e\u63\u68\u2f\u76\u31\u30\u2e\u30\u2f\u74\u65\u73\u74\u2f\u61\u73\u73\u65\u74\u45\u78\u65\u63\u75\u74\u65\u2f\u74\u65\u73\u74\u63\u61\u73\u65\u73\u2f\u43\u75\u73\u74\u6f\u6d\u65\u72\u42\u75\u67\u2f\u65\u78\u70\u2f\u43\u75\u73\u74\u6f\u6d\u65\u72\u42\u75\u67\u41\u75\u74\u6f\u2f\u62\u75\u67\u39\u32\u33\u35\u5f\u6d\u61\u70\u74\u6f\u70\u4e\u5f\u5f\u56fe\u8868\u31\u5f\u5f\u52\u54\u2e\u70\u6e\u67&quot;&gt;Expected Result&lt;/a&gt;&lt;br/&gt;
&lt;a href=&quot;\u66\u69\u6c\u65\u3a\u5c\u5c\u5c\u2f\u68\u6f\u6d\u65\u2f\u62\u69\u2f\u62\u72\u61\u6e\u63\u68\u2f\u76\u31\u30\u2e\u30\u2f\u74\u65\u73\u74\u2f\u61\u73\u73\u65\u74\u45\u78\u65\u63\u75\u74\u65\u2f\u74\u65\u73\u74\u63\u61\u73\u65\u73\u2f\u43\u75\u73\u74\u6f\u6d\u65\u72\u42\u75\u67\u2f\u65\u78\u70\u2f\u43\u75\u73\u74\u6f\u6d\u65\u72\u42\u75\u67\u41\u75\u74\u6f\u2f\u62\u75\u67\u39\u32\u33\u35\u5f\u6d\u61\u70\u74\u6f\u70\u4e\u5f\u5f\u56fe\u8868\u31\u5f\u5f\u52\u54\u2e\u70\u6e\u67&quot;&gt;Exporting Result&lt;/a&gt;&lt;br/&gt;Two PNG files pixels are different: 
 Result[&lt;a href=&quot;file:\\\/home/bi/branch/v10.0/test/assetExecute/testcases/CustomerBug/res/CustomerBugAuto/bug9235_maptopN__图表1__RT.png&quot; target=&quot;/home/bi/branch/v10.0/test/assetExecute/testcases/CustomerBug/res/CustomerBugAuto/bug9235_maptopN__图表1__RT.png&quot;&gt;/CustomerBug/res/CustomerBugAuto/bug9235_maptopN__图表1__RT.png&lt;/a&gt;]
 Expect[&lt;a href=&quot;file:\\\/home/bi/branch/v10.0/test/assetExecute/testcases/CustomerBug/exp/CustomerBugAuto/bug9235_maptopN__图表1__RT.png&quot; target=&quot;/home/bi/branch/v10.0/test/assetExecute/testcases/CustomerBug/exp/CustomerBugAuto/bug9235_maptopN__图表1__RT.png&quot;&gt;/CustomerBug/exp/CustomerBugAuto/bug9235_maptopN__图表1__RT.png&lt;/a&gt;]
 Diffs [&lt;a href=&quot;file:\\\/home/bi/branch/v10.0/test/assetExecute/testcases/CustomerBug/diffs/CustomerBugAuto/bug9235_maptopN__图表1__RT.png&quot; target=&quot;/home/bi/branch/v10.0/test/assetExecute/testcases/CustomerBug/diffs/CustomerBugAuto/bug9235_maptopN__图表1__RT.png&quot;&gt;/CustomerBug/diffs/CustomerBugAuto/bug9235_maptopN__图表1__RT.png&lt;/a&gt;]&lt;br&gt;
	at db.DBTestCase.test(DBTestCase.java:389)
</failure>
  </testcase>
  <testcase classname="db.DBTestCase" name="CustomerBugAuto/四舍五入数据test" time="0.023" />
  <system-out><![CDATA[]]></system-out>
  <system-err><![CDATA[]]></system-err>
</testsuite>
