<?xml version="1.0" encoding="UTF-8" ?>
<testsuite errors="0" failures="51" hostname="localhost.localdomain" name="DBDataprocess.DBDataprocessTest" skipped="0" tests="638" time="1486.819" timestamp="2022-11-09T16:53:06">
  <properties>
[...]
</properties>
  <testcase classname="db.DBTestCase" name="SpecialCharacter/oracle/other/表达式" time="0.146" />
  <testcase classname="db.DBTestCase" name="SpecialCharacter/oracle/other/参数列" time="0.134" />
  <testcase classname="db.DBTestCase" name="SpecialCharacter/oracle/other/动态计算-同环比" time="0.832">
    <failure message="__##&lt;a href=&quot;\u66\u69\u6c\u65\u3a\u5c\u5c\u5c\u2f\u68\u6f\u6d\u65\u2f\u62\u69\u2f\u62\u72\u61\u6e\u63\u68\u2f\u76\u38\u2e\u36\u2f\u74\u65\u73\u74\u2f\u61\u73\u73\u65\u74\u45\u78\u65\u63\u75\u74\u65\u2f\u74\u65\u73\u74\u63\u61\u73\u65\u73\u2f\u44\u42\u44\u61\u74\u61\u70\u72\u6f\u63\u65\u73\u73\u2f\u65\u78\u70\u2f\u53\u70\u65\u63\u69\u61\u6c\u43\u68\u61\u72\u61\u63\u74\u65\u72\u2f\u6f\u72\u61\u63\u6c\u65\u2f\u6f\u74\u68\u65\u72\u2f\u52a8\u6001\u8ba1\u7b97\u2d\u540c\u73af\u6bd4\u5f\u5f\u8868\u32\u5f\u5f\u52\u54\u2e\u74\u78\u74&quot;&gt;Expected Result&lt;/a&gt;&lt;br/&gt;&#xa;&lt;a href=&quot;\u66\u69\u6c\u65\u3a\u5c\u5c\u5c\u2f\u68\u6f\u6d\u65\u2f\u62\u69\u2f\u62\u72\u61\u6e\u63\u68\u2f\u76\u38\u2e\u36\u2f\u74\u65\u73\u74\u2f\u61\u73\u73\u65\u74\u45\u78\u65\u63\u75\u74\u65\u2f\u74\u65\u73\u74\u63\u61\u73\u65\u73\u2f\u44\u42\u44\u61\u74\u61\u70\u72\u6f\u63\u65\u73\u73\u2f\u65\u78\u70\u2f\u53\u70\u65\u63\u69\u61\u6c\u43\u68\u61\u72\u61\u63\u74\u65\u72\u2f\u6f\u72\u61\u63\u6c\u65\u2f\u6f\u74\u68\u65\u72\u2f\u52a8\u6001\u8ba1\u7b97\u2d\u540c\u73af\u6bd4\u5f\u5f\u8868\u32\u5f\u5f\u52\u54\u2e\u74\u78\u74&quot;&gt;Exporting Result&lt;/a&gt;&lt;br/&gt;Compile failed at line level:&lt;br/&gt;Result[&lt;a href=&quot;file:\\\/home/bi/branch/v8.6/test/assetExecute/testcases/DBDataprocess/res/SpecialCharacter/oracle/other/动态计算-同环比__表2__RT.txt&quot; target=&quot;/home/bi/branch/v8.6/test/assetExecute/testcases/DBDataprocess/res/SpecialCharacter/oracle/other/动态计算-同环比__表2__RT.txt&quot;&gt;/DBDataprocess/res/SpecialCharacter/oracle/other/动态计算-同环比__表2__RT.txt&lt;/a&gt;]&lt;/br&gt;Expect[&lt;a href=&quot;file:\\\/home/bi/branch/v8.6/test/assetExecute/testcases/DBDataprocess/exp/SpecialCharacter/oracle/other/动态计算-同环比__表2__RT.txt&quot; target=&quot;/home/bi/branch/v8.6/test/assetExecute/testcases/DBDataprocess/exp/SpecialCharacter/oracle/other/动态计算-同环比__表2__RT.txt&quot;&gt;/DBDataprocess/exp/SpecialCharacter/oracle/other/动态计算-同环比__表2__RT.txt&lt;/a&gt;]&lt;/br&gt;Not match in line &lt;font color=&apos;#ff0000&apos;&gt;4&lt;/font&gt;:&lt;br/&gt;[expect] &lt;font color=&apos;#4169e1&apos;&gt;&apos;10,-0.9473684210526315,&apos;&lt;/font&gt;&lt;br/&gt;[result] &lt;font color=&apos;#F4A460&apos;&gt;10,0.0,&apos;&lt;/font&gt;&lt;br/&gt;&lt;B&gt;Difference At &lt;font color=&apos;#ff0000&apos;&gt;3&lt;/font&gt;&lt;/B&gt;&lt;br/&gt;[Exp Abb] &lt;font color=&apos;#4169e1&apos;&gt;-0.9473684...&lt;/font&gt;&lt;br/&gt;[Res Abb] &lt;font color=&apos;#F4A460&apos;&gt;0.0,&lt;/font&gt;&lt;br&gt;" type="junit.framework.AssertionFailedError">junit.framework.AssertionFailedError: __##&lt;a href=&quot;\u66\u69\u6c\u65\u3a\u5c\u5c\u5c\u2f\u68\u6f\u6d\u65\u2f\u62\u69\u2f\u62\u72\u61\u6e\u63\u68\u2f\u76\u38\u2e\u36\u2f\u74\u65\u73\u74\u2f\u61\u73\u73\u65\u74\u45\u78\u65\u63\u75\u74\u65\u2f\u74\u65\u73\u74\u63\u61\u73\u65\u73\u2f\u44\u42\u44\u61\u74\u61\u70\u72\u6f\u63\u65\u73\u73\u2f\u65\u78\u70\u2f\u53\u70\u65\u63\u69\u61\u6c\u43\u68\u61\u72\u61\u63\u74\u65\u72\u2f\u6f\u72\u61\u63\u6c\u65\u2f\u6f\u74\u68\u65\u72\u2f\u52a8\u6001\u8ba1\u7b97\u2d\u540c\u73af\u6bd4\u5f\u5f\u8868\u32\u5f\u5f\u52\u54\u2e\u74\u78\u74&quot;&gt;Expected Result&lt;/a&gt;&lt;br/&gt;
&lt;a href=&quot;\u66\u69\u6c\u65\u3a\u5c\u5c\u5c\u2f\u68\u6f\u6d\u65\u2f\u62\u69\u2f\u62\u72\u61\u6e\u63\u68\u2f\u76\u38\u2e\u36\u2f\u74\u65\u73\u74\u2f\u61\u73\u73\u65\u74\u45\u78\u65\u63\u75\u74\u65\u2f\u74\u65\u73\u74\u63\u61\u73\u65\u73\u2f\u44\u42\u44\u61\u74\u61\u70\u72\u6f\u63\u65\u73\u73\u2f\u65\u78\u70\u2f\u53\u70\u65\u63\u69\u61\u6c\u43\u68\u61\u72\u61\u63\u74\u65\u72\u2f\u6f\u72\u61\u63\u6c\u65\u2f\u6f\u74\u68\u65\u72\u2f\u52a8\u6001\u8ba1\u7b97\u2d\u540c\u73af\u6bd4\u5f\u5f\u8868\u32\u5f\u5f\u52\u54\u2e\u74\u78\u74&quot;&gt;Exporting Result&lt;/a&gt;&lt;br/&gt;Compile failed at line level:&lt;br/&gt;Result[&lt;a href=&quot;file:\\\/home/bi/branch/v8.6/test/assetExecute/testcases/DBDataprocess/res/SpecialCharacter/oracle/other/动态计算-同环比__表2__RT.txt&quot; target=&quot;/home/bi/branch/v8.6/test/assetExecute/testcases/DBDataprocess/res/SpecialCharacter/oracle/other/动态计算-同环比__表2__RT.txt&quot;&gt;/DBDataprocess/res/SpecialCharacter/oracle/other/动态计算-同环比__表2__RT.txt&lt;/a&gt;]&lt;/br&gt;Expect[&lt;a href=&quot;file:\\\/home/bi/branch/v8.6/test/assetExecute/testcases/DBDataprocess/exp/SpecialCharacter/oracle/other/动态计算-同环比__表2__RT.txt&quot; target=&quot;/home/bi/branch/v8.6/test/assetExecute/testcases/DBDataprocess/exp/SpecialCharacter/oracle/other/动态计算-同环比__表2__RT.txt&quot;&gt;/DBDataprocess/exp/SpecialCharacter/oracle/other/动态计算-同环比__表2__RT.txt&lt;/a&gt;]&lt;/br&gt;Not match in line &lt;font color=&apos;#ff0000&apos;&gt;4&lt;/font&gt;:&lt;br/&gt;[expect] &lt;font color=&apos;#4169e1&apos;&gt;&apos;10,-0.9473684210526315,&apos;&lt;/font&gt;&lt;br/&gt;[result] &lt;font color=&apos;#F4A460&apos;&gt;10,0.0,&apos;&lt;/font&gt;&lt;br/&gt;&lt;B&gt;Difference At &lt;font color=&apos;#ff0000&apos;&gt;3&lt;/font&gt;&lt;/B&gt;&lt;br/&gt;[Exp Abb] &lt;font color=&apos;#4169e1&apos;&gt;-0.9473684...&lt;/font&gt;&lt;br/&gt;[Res Abb] &lt;font color=&apos;#F4A460&apos;&gt;0.0,&lt;/font&gt;&lt;br&gt;
	at db.DBTestCase.test(DBTestCase.java:352)
</failure>
  </testcase>
  <testcase classname="db.DBTestCase" name="SpecialCharacter/oracle/百分号/alias-namegroup-filter" time="0.456" />
  <testcase classname="db.DBTestCase" name="SpecialCharacter/oracle/百分号/brush cloud和Word" time="0.712" />
  <system-out><![CDATA[]]></system-out>
  <system-err><![CDATA[]]></system-err>
</testsuite>
